d:\aiviworks\project\a_scout_sdk\source\sdk_test\aivicam\x64\debug\aivicam.pch
d:\aiviworks\project\a_scout_sdk\source\sdk_test\aivicam\x64\debug\vc143.pdb
d:\aiviworks\project\a_scout_sdk\source\sdk_test\aivicam\x64\debug\vc143.idb
d:\aiviworks\project\a_scout_sdk\source\sdk_test\aivicam\x64\debug\pch.obj
d:\aiviworks\project\a_scout_sdk\source\sdk_test\aivicam\x64\debug\dllmain.obj
d:\aiviworks\project\a_scout_sdk\source\sdk_test\aivicam\x64\debug\camfunction.obj
d:\aiviworks\project\a_scout_sdk\source\sdk_test\aivicam\x64\debug\aivicam_lib.obj
d:\aiviworks\project\a_scout_sdk\source\sdk_test\aivicam\x64\debug\aivicam.ilk
d:\aiviworks\project\a_scout_sdk\source\sdk_test\aivicam\x64\debug\aivicam.dll
d:\aiviworks\project\a_scout_sdk\source\sdk_test\aivicam\x64\debug\aivicam.pdb
d:\aiviworks\project\a_scout_sdk\source\sdk_test\aivicam\x64\debug\aivicam.lib
d:\aiviworks\project\a_scout_sdk\source\sdk_test\aivicam\x64\debug\aivicam.exp
d:\aiviworks\project\a_scout_sdk\source\sdk_test\aivicam\x64\debug\aivicam.tlog\cl.command.1.tlog
d:\aiviworks\project\a_scout_sdk\source\sdk_test\aivicam\x64\debug\aivicam.tlog\cl.items.tlog
d:\aiviworks\project\a_scout_sdk\source\sdk_test\aivicam\x64\debug\aivicam.tlog\cl.read.1.tlog
d:\aiviworks\project\a_scout_sdk\source\sdk_test\aivicam\x64\debug\aivicam.tlog\cl.write.1.tlog
d:\aiviworks\project\a_scout_sdk\source\sdk_test\aivicam\x64\debug\aivicam.tlog\link.command.1.tlog
d:\aiviworks\project\a_scout_sdk\source\sdk_test\aivicam\x64\debug\aivicam.tlog\link.read.1.tlog
d:\aiviworks\project\a_scout_sdk\source\sdk_test\aivicam\x64\debug\aivicam.tlog\link.write.1.tlog
d:\aiviworks\project\a_scout_sdk\source\sdk_test\aivicam\x64\debug\aivicam.tlog\link.write.2u.tlog
